<?xml version="1.0" encoding="UTF-8"?>
<testng-results ignored="0" total="1" passed="1" failed="0" skipped="0">
  <reporter-output>
  </reporter-output>
  <suite started-at="2022-09-30T18:08:59 IST" name="Default suite" finished-at="2022-09-30T18:09:02 IST" duration-ms="2609">
    <groups>
    </groups>
    <test started-at="2022-09-30T18:08:59 IST" name="Default test" finished-at="2022-09-30T18:09:02 IST" duration-ms="2609">
      <class name="restAssured.Validation">
        <test-method signature="getAll()[pri:0, instance:restAssured.Validation@2d52216b]" started-at="2022-09-30T18:08:59 IST" name="getAll" finished-at="2022-09-30T18:09:02 IST" duration-ms="2570" status="PASS">
          <reporter-output>
          </reporter-output>
        </test-method> <!-- getAll -->
      </class> <!-- restAssured.Validation -->
    </test> <!-- Default test -->
  </suite> <!-- Default suite -->
</testng-results>
