<?xml version="1.0" encoding="UTF-8"?>
<!-- Generated by org.testng.reporters.JUnitXMLReporter -->
<testsuite ignored="1" hostname="DESKTOP-QAT3DU5" failures="0" tests="2" name="Test" time="0.056" errors="0" timestamp="2022-09-22T15:52:25 IST">
  <testcase classname="testNG.Before_After_Group" name="method1" time="0.01"/>
  <testcase classname="testNG.Before_After_Group" name="method3" time="0.004"/>
  <testcase classname="testNG.Before_After_Group" name="method2" time="0.0">
    <ignored/>
  </testcase> <!-- method2 -->
</testsuite> <!-- Test -->
